<?xml version="1.0" encoding="UTF-8"?>
<coverage generated="1702015681558" clover="3.2.0">
  <project timestamp="1702015681558" name="All files">
    <metrics statements="37" coveredstatements="33" conditionals="16" coveredconditionals="14" methods="13" coveredmethods="12" elements="66" coveredelements="59" complexity="0" loc="37" ncloc="37" packages="1" files="1" classes="1"/>
    <file name="Login.js" path="/Users/abigaylemercer/Desktop/CSC307-TestNoah/Component-Testing/components/Login.js">
      <metrics statements="37" coveredstatements="33" conditionals="16" coveredconditionals="14" methods="13" coveredmethods="12"/>
      <line num="13" count="1" type="stmt"/>
      <line num="14" count="24" type="stmt"/>
      <line num="15" count="24" type="stmt"/>
      <line num="16" count="24" type="stmt"/>
      <line num="17" count="24" type="stmt"/>
      <line num="18" count="24" type="stmt"/>
      <line num="19" count="24" type="stmt"/>
      <line num="20" count="24" type="stmt"/>
      <line num="24" count="24" type="stmt"/>
      <line num="25" count="3" type="cond" truecount="4" falsecount="0"/>
      <line num="26" count="2" type="stmt"/>
      <line num="27" count="2" type="stmt"/>
      <line num="28" count="2" type="stmt"/>
      <line num="29" count="2" type="stmt"/>
      <line num="31" count="1" type="stmt"/>
      <line num="32" count="1" type="stmt"/>
      <line num="37" count="24" type="stmt"/>
      <line num="38" count="2" type="cond" truecount="1" falsecount="1"/>
      <line num="44" count="2" type="stmt"/>
      <line num="45" count="2" type="stmt"/>
      <line num="47" count="0" type="stmt"/>
      <line num="48" count="0" type="stmt"/>
      <line num="50" count="0" type="stmt"/>
      <line num="58" count="24" type="stmt"/>
      <line num="59" count="10" type="stmt"/>
      <line num="67" count="1" type="stmt"/>
      <line num="75" count="1" type="stmt"/>
      <line num="84" count="1" type="stmt"/>
      <line num="93" count="0" type="stmt"/>
      <line num="100" count="1" type="stmt"/>
      <line num="110" count="24" type="stmt"/>
      <line num="111" count="14" type="stmt"/>
      <line num="119" count="1" type="stmt"/>
      <line num="127" count="1" type="stmt"/>
      <line num="134" count="5" type="stmt"/>
      <line num="140" count="24" type="cond" truecount="2" falsecount="0"/>
      <line num="144" count="1" type="stmt"/>
    </file>
  </project>
</coverage>
