{"/Users/abigaylemercer/Desktop/CSC307-TestNoah/Component-Testing/components/Login.js": {"path":"/Users/abigaylemercer/Desktop/CSC307-TestNoah/Component-Testing/components/Login.js","statementMap":{"0":{"start":{"line":13,"column":14},"end":{"line":141,"column":1}},"1":{"start":{"line":14,"column":32},"end":{"line":14,"column":47}},"2":{"start":{"line":15,"column":26},"end":{"line":15,"column":38}},"3":{"start":{"line":16,"column":34},"end":{"line":16,"column":46}},"4":{"start":{"line":17,"column":28},"end":{"line":17,"column":40}},"5":{"start":{"line":18,"column":28},"end":{"line":18,"column":40}},"6":{"start":{"line":19,"column":44},"end":{"line":19,"column":59}},"7":{"start":{"line":20,"column":42},"end":{"line":20,"column":57}},"8":{"start":{"line":24,"column":22},"end":{"line":36,"column":3}},"9":{"start":{"line":25,"column":4},"end":{"line":35,"column":5}},"10":{"start":{"line":26,"column":6},"end":{"line":26,"column":46}},"11":{"start":{"line":27,"column":6},"end":{"line":27,"column":44}},"12":{"start":{"line":28,"column":6},"end":{"line":28,"column":28}},"13":{"start":{"line":29,"column":6},"end":{"line":29,"column":44}},"14":{"start":{"line":31,"column":6},"end":{"line":31,"column":65}},"15":{"start":{"line":32,"column":6},"end":{"line":34,"column":9}},"16":{"start":{"line":37,"column":23},"end":{"line":53,"column":3}},"17":{"start":{"line":38,"column":4},"end":{"line":52,"column":5}},"18":{"start":{"line":44,"column":6},"end":{"line":44,"column":46}},"19":{"start":{"line":45,"column":6},"end":{"line":45,"column":29}},"20":{"start":{"line":47,"column":6},"end":{"line":47,"column":25}},"21":{"start":{"line":48,"column":6},"end":{"line":48,"column":59}},"22":{"start":{"line":50,"column":6},"end":{"line":50,"column":23}},"23":{"start":{"line":58,"column":27},"end":{"line":106,"column":3}},"24":{"start":{"line":59,"column":4},"end":{"line":105,"column":11}},"25":{"start":{"line":67,"column":32},"end":{"line":67,"column":45}},"26":{"start":{"line":75,"column":32},"end":{"line":75,"column":49}},"27":{"start":{"line":84,"column":32},"end":{"line":84,"column":46}},"28":{"start":{"line":93,"column":32},"end":{"line":93,"column":46}},"29":{"start":{"line":100,"column":39},"end":{"line":100,"column":55}},"30":{"start":{"line":110,"column":26},"end":{"line":138,"column":3}},"31":{"start":{"line":111,"column":4},"end":{"line":137,"column":11}},"32":{"start":{"line":119,"column":32},"end":{"line":119,"column":46}},"33":{"start":{"line":127,"column":32},"end":{"line":127,"column":49}},"34":{"start":{"line":134,"column":39},"end":{"line":134,"column":54}},"35":{"start":{"line":140,"column":2},"end":{"line":140,"column":59}},"36":{"start":{"line":144,"column":15},"end":{"line":188,"column":2}}},"fnMap":{"0":{"name":"(anonymous_0)","decl":{"start":{"line":13,"column":14},"end":{"line":13,"column":15}},"loc":{"start":{"line":13,"column":34},"end":{"line":141,"column":1}},"line":13},"1":{"name":"(anonymous_1)","decl":{"start":{"line":24,"column":22},"end":{"line":24,"column":23}},"loc":{"start":{"line":24,"column":28},"end":{"line":36,"column":3}},"line":24},"2":{"name":"(anonymous_2)","decl":{"start":{"line":37,"column":23},"end":{"line":37,"column":24}},"loc":{"start":{"line":37,"column":29},"end":{"line":53,"column":3}},"line":37},"3":{"name":"(anonymous_3)","decl":{"start":{"line":58,"column":27},"end":{"line":58,"column":28}},"loc":{"start":{"line":59,"column":4},"end":{"line":105,"column":11}},"line":59},"4":{"name":"(anonymous_4)","decl":{"start":{"line":67,"column":22},"end":{"line":67,"column":23}},"loc":{"start":{"line":67,"column":32},"end":{"line":67,"column":45}},"line":67},"5":{"name":"(anonymous_5)","decl":{"start":{"line":75,"column":22},"end":{"line":75,"column":23}},"loc":{"start":{"line":75,"column":32},"end":{"line":75,"column":49}},"line":75},"6":{"name":"(anonymous_6)","decl":{"start":{"line":84,"column":22},"end":{"line":84,"column":23}},"loc":{"start":{"line":84,"column":32},"end":{"line":84,"column":46}},"line":84},"7":{"name":"(anonymous_7)","decl":{"start":{"line":93,"column":22},"end":{"line":93,"column":23}},"loc":{"start":{"line":93,"column":32},"end":{"line":93,"column":46}},"line":93},"8":{"name":"(anonymous_8)","decl":{"start":{"line":100,"column":33},"end":{"line":100,"column":34}},"loc":{"start":{"line":100,"column":39},"end":{"line":100,"column":55}},"line":100},"9":{"name":"(anonymous_9)","decl":{"start":{"line":110,"column":26},"end":{"line":110,"column":27}},"loc":{"start":{"line":111,"column":4},"end":{"line":137,"column":11}},"line":111},"10":{"name":"(anonymous_10)","decl":{"start":{"line":119,"column":22},"end":{"line":119,"column":23}},"loc":{"start":{"line":119,"column":32},"end":{"line":119,"column":46}},"line":119},"11":{"name":"(anonymous_11)","decl":{"start":{"line":127,"column":22},"end":{"line":127,"column":23}},"loc":{"start":{"line":127,"column":32},"end":{"line":127,"column":49}},"line":127},"12":{"name":"(anonymous_12)","decl":{"start":{"line":134,"column":33},"end":{"line":134,"column":34}},"loc":{"start":{"line":134,"column":39},"end":{"line":134,"column":54}},"line":134}},"branchMap":{"0":{"loc":{"start":{"line":25,"column":4},"end":{"line":35,"column":5}},"type":"if","locations":[{"start":{"line":25,"column":4},"end":{"line":35,"column":5}},{"start":{"line":30,"column":11},"end":{"line":35,"column":5}}],"line":25},"1":{"loc":{"start":{"line":25,"column":8},"end":{"line":25,"column":49}},"type":"binary-expr","locations":[{"start":{"line":25,"column":8},"end":{"line":25,"column":28}},{"start":{"line":25,"column":32},"end":{"line":25,"column":49}}],"line":25},"2":{"loc":{"start":{"line":38,"column":4},"end":{"line":52,"column":5}},"type":"if","locations":[{"start":{"line":38,"column":4},"end":{"line":52,"column":5}},{"start":{"line":46,"column":11},"end":{"line":52,"column":5}}],"line":38},"3":{"loc":{"start":{"line":39,"column":6},"end":{"line":42,"column":23}},"type":"binary-expr","locations":[{"start":{"line":39,"column":6},"end":{"line":39,"column":26}},{"start":{"line":40,"column":6},"end":{"line":40,"column":23}},{"start":{"line":41,"column":6},"end":{"line":41,"column":22}},{"start":{"line":42,"column":6},"end":{"line":42,"column":23}}],"line":39},"4":{"loc":{"start":{"line":61,"column":7},"end":{"line":61,"column":61}},"type":"binary-expr","locations":[{"start":{"line":61,"column":7},"end":{"line":61,"column":20}},{"start":{"line":61,"column":24},"end":{"line":61,"column":61}}],"line":61},"5":{"loc":{"start":{"line":113,"column":7},"end":{"line":113,"column":60}},"type":"binary-expr","locations":[{"start":{"line":113,"column":7},"end":{"line":113,"column":19}},{"start":{"line":113,"column":23},"end":{"line":113,"column":60}}],"line":113},"6":{"loc":{"start":{"line":140,"column":9},"end":{"line":140,"column":58}},"type":"cond-expr","locations":[{"start":{"line":140,"column":20},"end":{"line":140,"column":38}},{"start":{"line":140,"column":41},"end":{"line":140,"column":58}}],"line":140}},"s":{"0":1,"1":24,"2":24,"3":24,"4":24,"5":24,"6":24,"7":24,"8":24,"9":3,"10":2,"11":2,"12":2,"13":2,"14":1,"15":1,"16":24,"17":2,"18":2,"19":2,"20":0,"21":0,"22":0,"23":24,"24":10,"25":1,"26":1,"27":1,"28":0,"29":1,"30":24,"31":14,"32":1,"33":1,"34":5,"35":24,"36":1},"f":{"0":24,"1":3,"2":2,"3":10,"4":1,"5":1,"6":1,"7":0,"8":1,"9":14,"10":1,"11":1,"12":5},"b":{"0":[2,1],"1":[3,1],"2":[2,0],"3":[2,1,1,0],"4":[10,2],"5":[14,2],"6":[10,14]},"_coverageSchema":"1a1c01bbd47fc00a2c39e90264f33305004495a9","hash":"b8ae33d4d53c29d58797812e47908034972fd02c"}
}
