TN:
SF:components/Login.js
FN:13,(anonymous_0)
FN:24,(anonymous_1)
FN:37,(anonymous_2)
FN:58,(anonymous_3)
FN:67,(anonymous_4)
FN:75,(anonymous_5)
FN:84,(anonymous_6)
FN:93,(anonymous_7)
FN:100,(anonymous_8)
FN:110,(anonymous_9)
FN:119,(anonymous_10)
FN:127,(anonymous_11)
FN:134,(anonymous_12)
FNF:13
FNH:12
FNDA:24,(anonymous_0)
FNDA:3,(anonymous_1)
FNDA:2,(anonymous_2)
FNDA:10,(anonymous_3)
FNDA:1,(anonymous_4)
FNDA:1,(anonymous_5)
FNDA:1,(anonymous_6)
FNDA:0,(anonymous_7)
FNDA:1,(anonymous_8)
FNDA:14,(anonymous_9)
FNDA:1,(anonymous_10)
FNDA:1,(anonymous_11)
FNDA:5,(anonymous_12)
DA:13,1
DA:14,24
DA:15,24
DA:16,24
DA:17,24
DA:18,24
DA:19,24
DA:20,24
DA:24,24
DA:25,3
DA:26,2
DA:27,2
DA:28,2
DA:29,2
DA:31,1
DA:32,1
DA:37,24
DA:38,2
DA:44,2
DA:45,2
DA:47,0
DA:48,0
DA:50,0
DA:58,24
DA:59,10
DA:67,1
DA:75,1
DA:84,1
DA:93,0
DA:100,1
DA:110,24
DA:111,14
DA:119,1
DA:127,1
DA:134,5
DA:140,24
DA:144,1
LF:37
LH:33
BRDA:25,0,0,2
BRDA:25,0,1,1
BRDA:25,1,0,3
BRDA:25,1,1,1
BRDA:38,2,0,2
BRDA:38,2,1,0
BRDA:39,3,0,2
BRDA:39,3,1,1
BRDA:39,3,2,1
BRDA:39,3,3,0
BRDA:61,4,0,10
BRDA:61,4,1,2
BRDA:113,5,0,14
BRDA:113,5,1,2
BRDA:140,6,0,10
BRDA:140,6,1,14
BRF:16
BRH:14
end_of_record
